Watching for file changes with StatReloader
[22/Jun/2026 11:51:21] "GET /api/market/events/ HTTP/1.1" 200 460
[22/Jun/2026 11:51:22] "GET /api/market/macro/ HTTP/1.1" 200 1019
C:\Users\SSAFY\Documents\New project\Alphapick\backend\stocks\views.py changed, reloading.
Watching for file changes with StatReloader
[22/Jun/2026 11:53:47] "GET /api/market/macro/ HTTP/1.1" 200 878
[22/Jun/2026 11:53:47] "GET /api/market/events/ HTTP/1.1" 200 460
[22/Jun/2026 11:53:48] "GET /api/portfolio/today/?risk_type=neutral HTTP/1.1" 200 32625
[22/Jun/2026 11:53:48] "GET /api/market/macro/ HTTP/1.1" 200 878
[22/Jun/2026 11:53:48] "GET /api/market/events/ HTTP/1.1" 200 460
[22/Jun/2026 11:53:48] "GET /api/market/macro/ HTTP/1.1" 200 878
[22/Jun/2026 11:54:19] "GET /api/market/events/ HTTP/1.1" 200 460
[22/Jun/2026 11:54:19] "GET /api/market/macro/ HTTP/1.1" 200 878
[22/Jun/2026 11:54:32] "GET /api/market/macro/ HTTP/1.1" 200 878
C:\Users\SSAFY\Documents\New project\Alphapick\backend\stocks\views.py changed, reloading.
Watching for file changes with StatReloader
[22/Jun/2026 11:55:58] "GET /api/market/macro/ HTTP/1.1" 200 1142
[22/Jun/2026 11:55:58] "GET /api/market/events/ HTTP/1.1" 200 460
[22/Jun/2026 11:56:18] "GET /api/market/macro/ HTTP/1.1" 200 1142
[22/Jun/2026 11:58:28] "GET /api/market/macro/ HTTP/1.1" 200 1142
[22/Jun/2026 11:58:30] "GET /api/portfolio/today/?risk_type=neutral HTTP/1.1" 200 32625
[22/Jun/2026 11:58:30] "GET /api/market/macro/ HTTP/1.1" 200 1142
[22/Jun/2026 11:58:30] "GET /api/market/macro/ HTTP/1.1" 200 1142
[22/Jun/2026 11:58:40] "GET /api/portfolio/today/?risk_type=neutral HTTP/1.1" 200 32625
[22/Jun/2026 11:58:40] "GET /api/market/macro/ HTTP/1.1" 200 1142
[22/Jun/2026 11:58:40] "GET /api/market/macro/ HTTP/1.1" 200 1142
[22/Jun/2026 11:59:25] "GET /api/portfolio/today/?risk_type=neutral HTTP/1.1" 200 32625
[22/Jun/2026 11:59:25] "GET /api/market/macro/ HTTP/1.1" 200 1142
[22/Jun/2026 11:59:25] "GET /api/market/macro/ HTTP/1.1" 200 1142
[22/Jun/2026 11:59:34] "GET /api/portfolio/today/?risk_type=neutral HTTP/1.1" 200 32625
[22/Jun/2026 11:59:34] "GET /api/market/macro/ HTTP/1.1" 200 1142
[22/Jun/2026 11:59:34] "GET /api/market/macro/ HTTP/1.1" 200 1142
[22/Jun/2026 12:01:12] "GET /api/portfolio/today/?risk_type=neutral HTTP/1.1" 200 32625
[22/Jun/2026 12:01:12] "GET /api/market/macro/ HTTP/1.1" 200 1142
[22/Jun/2026 12:01:12] "GET /api/market/macro/ HTTP/1.1" 200 1142
[22/Jun/2026 12:01:41] "GET /api/stocks/?page=1 HTTP/1.1" 200 12626
[22/Jun/2026 12:01:42] "GET /api/portfolio/today/?risk_type=neutral HTTP/1.1" 200 32625
[22/Jun/2026 12:01:42] "GET /api/stocks/?page=1 HTTP/1.1" 200 12626
[22/Jun/2026 12:01:45] "GET /api/portfolio/today/?risk_type=neutral HTTP/1.1" 200 32625
[22/Jun/2026 12:01:49] "GET /api/portfolio/today/?risk_type=neutral HTTP/1.1" 200 32625
[22/Jun/2026 12:01:49] "GET /api/market/macro/ HTTP/1.1" 200 1142
[22/Jun/2026 12:01:49] "GET /api/market/macro/ HTTP/1.1" 200 1142
[22/Jun/2026 12:02:53] "GET /api/stocks/?page=1 HTTP/1.1" 200 12626
[22/Jun/2026 12:02:55] "GET /api/portfolio/today/?risk_type=neutral HTTP/1.1" 200 32625
[22/Jun/2026 12:02:56] "GET /api/portfolio/today/?risk_type=neutral HTTP/1.1" 200 32625
[22/Jun/2026 12:02:56] "GET /api/market/macro/ HTTP/1.1" 200 1142
[22/Jun/2026 12:02:56] "GET /api/market/macro/ HTTP/1.1" 200 1142
[22/Jun/2026 12:03:19] "GET /api/portfolio/today/?risk_type=neutral HTTP/1.1" 200 32625
[22/Jun/2026 12:03:19] "GET /api/market/macro/ HTTP/1.1" 200 1142
[22/Jun/2026 12:03:19] "GET /api/market/macro/ HTTP/1.1" 200 1142
[22/Jun/2026 12:03:30] "GET /api/stocks/?page=1 HTTP/1.1" 200 12626
[22/Jun/2026 12:03:32] "GET /api/portfolio/today/?risk_type=neutral HTTP/1.1" 200 32625
[22/Jun/2026 12:03:34] "GET /api/portfolio/today/?risk_type=neutral HTTP/1.1" 200 32625
[22/Jun/2026 12:03:34] "GET /api/market/macro/ HTTP/1.1" 200 1142
[22/Jun/2026 12:03:34] "GET /api/market/macro/ HTTP/1.1" 200 1142
[22/Jun/2026 12:03:41] "GET /api/community/users/ HTTP/1.1" 200 727
[22/Jun/2026 12:03:41] "GET /api/community/posts/ HTTP/1.1" 200 2142
[22/Jun/2026 12:03:59] "GET /api/portfolio/today/?risk_type=neutral HTTP/1.1" 200 32625
[22/Jun/2026 12:04:03] "GET /api/stocks/?page=1 HTTP/1.1" 200 12626
[22/Jun/2026 12:04:04] "GET /api/stocks/034730.KS/report/ HTTP/1.1" 200 77641
[22/Jun/2026 12:04:13] "GET /api/community/users/ HTTP/1.1" 200 727
[22/Jun/2026 12:04:13] "GET /api/community/posts/ HTTP/1.1" 200 2142
[22/Jun/2026 12:04:32] "GET /api/portfolio/today/?risk_type=neutral HTTP/1.1" 200 32625
[22/Jun/2026 12:04:33] "GET /api/portfolio/today/?risk_type=neutral HTTP/1.1" 200 32625
[22/Jun/2026 12:04:33] "GET /api/market/macro/ HTTP/1.1" 200 1142
[22/Jun/2026 12:04:33] "GET /api/market/macro/ HTTP/1.1" 200 1142
[22/Jun/2026 12:06:20] "GET /api/portfolio/today/?risk_type=neutral HTTP/1.1" 200 32625
[22/Jun/2026 12:06:20] "GET /api/market/macro/ HTTP/1.1" 200 1142
[22/Jun/2026 12:06:33] "GET /api/community/posts/ HTTP/1.1" 200 2142
[22/Jun/2026 12:06:33] "GET /api/community/users/ HTTP/1.1" 200 727
[22/Jun/2026 12:06:34] "GET /api/stocks/?page=1 HTTP/1.1" 200 12626
[22/Jun/2026 12:06:35] "GET /api/portfolio/today/?risk_type=neutral HTTP/1.1" 200 32625
[22/Jun/2026 12:06:38] "GET /api/portfolio/today/?risk_type=neutral HTTP/1.1" 200 32625
[22/Jun/2026 12:06:38] "GET /api/market/macro/ HTTP/1.1" 200 1142
[22/Jun/2026 12:06:39] "GET /api/portfolio/today/?risk_type=neutral HTTP/1.1" 200 32625
[22/Jun/2026 12:06:42] "GET /api/portfolio/today/?risk_type=neutral HTTP/1.1" 200 32625
[22/Jun/2026 12:06:42] "GET /api/market/macro/ HTTP/1.1" 200 1142
[22/Jun/2026 12:08:18] "GET /api/portfolio/today/?risk_type=neutral HTTP/1.1" 200 32625
[22/Jun/2026 12:08:18] "GET /api/market/macro/ HTTP/1.1" 200 1142
[22/Jun/2026 12:10:30] "GET /api/community/users/ HTTP/1.1" 200 727
[22/Jun/2026 12:10:30] "GET /api/community/posts/ HTTP/1.1" 200 2142
[22/Jun/2026 12:10:31] "GET /api/stocks/?page=1 HTTP/1.1" 200 12626
[22/Jun/2026 12:10:32] "GET /api/community/users/ HTTP/1.1" 200 727
[22/Jun/2026 12:10:32] "GET /api/community/posts/ HTTP/1.1" 200 2142
[22/Jun/2026 12:10:33] "GET /api/stocks/?page=1 HTTP/1.1" 200 12626
[22/Jun/2026 12:10:34] "GET /api/portfolio/today/?risk_type=neutral HTTP/1.1" 200 32625
[22/Jun/2026 12:10:36] "GET /api/portfolio/today/?risk_type=neutral HTTP/1.1" 200 32625
[22/Jun/2026 12:10:36] "GET /api/market/macro/ HTTP/1.1" 200 1142
[22/Jun/2026 12:11:54] "GET /api/stocks/?page=1 HTTP/1.1" 200 12626
[22/Jun/2026 12:11:57] "GET /api/portfolio/today/?risk_type=neutral HTTP/1.1" 200 32625
[22/Jun/2026 12:11:58] "GET /api/portfolio/today/?risk_type=neutral HTTP/1.1" 200 32625
[22/Jun/2026 12:11:58] "GET /api/market/macro/ HTTP/1.1" 200 1142
[22/Jun/2026 12:22:21] "GET /api/portfolio/today/?risk_type=neutral HTTP/1.1" 200 32625
[22/Jun/2026 12:22:23] "GET /api/stocks/?page=1 HTTP/1.1" 200 12626
[22/Jun/2026 12:22:24] "GET /api/community/users/ HTTP/1.1" 200 727
[22/Jun/2026 12:22:24] "GET /api/community/posts/ HTTP/1.1" 200 2142
[22/Jun/2026 12:22:25] "GET /api/stocks/?page=1 HTTP/1.1" 200 12626
[22/Jun/2026 12:22:29] "GET /api/portfolio/today/?risk_type=neutral HTTP/1.1" 200 32625
[22/Jun/2026 12:22:30] "GET /api/portfolio/today/?risk_type=neutral HTTP/1.1" 200 32625
[22/Jun/2026 12:22:30] "GET /api/market/macro/ HTTP/1.1" 200 1142
[22/Jun/2026 12:22:52] "GET /api/portfolio/today/?risk_type=neutral HTTP/1.1" 200 32625
[22/Jun/2026 12:22:52] "GET /api/market/macro/ HTTP/1.1" 200 1142
[22/Jun/2026 12:24:03] "GET /api/community/users/ HTTP/1.1" 200 727
[22/Jun/2026 12:24:03] "GET /api/community/posts/ HTTP/1.1" 200 2142
[22/Jun/2026 12:24:04] "GET /api/stocks/?page=1 HTTP/1.1" 200 12626
[22/Jun/2026 12:24:04] "GET /api/portfolio/today/?risk_type=neutral HTTP/1.1" 200 32625
[22/Jun/2026 12:24:07] "GET /api/portfolio/today/?risk_type=neutral HTTP/1.1" 200 32625
[22/Jun/2026 12:24:07] "GET /api/market/macro/ HTTP/1.1" 200 1142
[22/Jun/2026 12:26:29] "GET /api/portfolio/today/?risk_type=neutral HTTP/1.1" 200 32625
[22/Jun/2026 12:26:29] "GET /api/market/macro/ HTTP/1.1" 200 1142
[22/Jun/2026 12:26:42] "GET /api/stocks/034730.KS/report/ HTTP/1.1" 200 77641
[22/Jun/2026 12:26:50] "GET /api/portfolio/today/?risk_type=neutral HTTP/1.1" 200 32625
[22/Jun/2026 12:26:50] "GET /api/market/macro/ HTTP/1.1" 200 1142
[22/Jun/2026 12:26:58] "GET /api/portfolio/today/?risk_type=neutral HTTP/1.1" 200 32625
[22/Jun/2026 12:26:58] "GET /api/market/macro/ HTTP/1.1" 200 1142
[22/Jun/2026 12:27:10] "GET /api/stocks/034730.KS/report/ HTTP/1.1" 200 77641
[22/Jun/2026 12:27:16] "GET /api/portfolio/today/?risk_type=neutral HTTP/1.1" 200 32625
[22/Jun/2026 12:27:16] "GET /api/market/macro/ HTTP/1.1" 200 1142
[22/Jun/2026 12:34:13] "GET /api/stocks/?page=1 HTTP/1.1" 200 12626
[22/Jun/2026 12:34:14] "GET /api/portfolio/today/?risk_type=neutral HTTP/1.1" 200 32625
[22/Jun/2026 12:34:15] "GET /api/portfolio/today/?risk_type=neutral HTTP/1.1" 200 32625
[22/Jun/2026 12:34:15] "GET /api/portfolio/today/?risk_type=neutral HTTP/1.1" 200 32625
[22/Jun/2026 12:34:15] "GET /api/market/macro/ HTTP/1.1" 200 1142
[22/Jun/2026 12:34:16] "GET /api/community/users/ HTTP/1.1" 200 727
[22/Jun/2026 12:34:16] "GET /api/community/posts/ HTTP/1.1" 200 2142
[22/Jun/2026 12:34:20] "GET /api/portfolio/today/?risk_type=neutral HTTP/1.1" 200 32625
[22/Jun/2026 12:34:20] "GET /api/market/macro/ HTTP/1.1" 200 1142
